<?xml version="1.0" encoding="UTF-8" standalone="no"?>
<testsuite errors="0" failures="0" name="io.cucumber.core.plugin.JUnitFormatter" skipped="0" tests="1" time="8.262">
    <testcase classname="Validate Google Search Funcationality when input froom config file" name="Validate google saerch is working with config file input" time="8.181">
        <system-out><![CDATA[Given user is on google page from configuration.............................passed
When user enters input searchtext from config file..........................passed
And user click search icon or hits Enter key................................passed
Then searched searched Phrase results appeared on the page..................passed
When click first real non - Ad result.......................................passed
Then validate page open successfully........................................passed
And validate page contains initial searched Input Phrase searched Phrase....passed
]]></system-out>
    </testcase>
</testsuite>
